0 info it worked if it ends with ok
1 verbose cli [ 'C:\\Program Files\\nodejs\\node.exe',
1 verbose cli   'C:\\Program Files\\nodejs\\node_modules\\npm\\bin\\npm-cli.js',
1 verbose cli   'publish' ]
2 info using npm@3.10.8
3 info using node@v6.8.0
4 verbose publish [ '.' ]
5 silly cache add args [ '.', null ]
6 verbose cache add spec .
7 silly cache add parsed spec Result {
7 silly cache add   raw: '.',
7 silly cache add   scope: null,
7 silly cache add   escapedName: null,
7 silly cache add   name: null,
7 silly cache add   rawSpec: '.',
7 silly cache add   spec: 'C:\\workspaces2\\flagr',
7 silly cache add   type: 'directory' }
8 verbose addLocalDirectory C:\Users\vcamacho\AppData\Roaming\npm-cache\flagr\1.0.0\package.tgz not in flight; packing
9 verbose correctMkdir C:\Users\vcamacho\AppData\Roaming\npm-cache correctMkdir not in flight; initializing
10 info lifecycle flagr@1.0.0~prepublish: flagr@1.0.0
11 silly lifecycle flagr@1.0.0~prepublish: no script for prepublish, continuing
12 verbose tar pack [ 'C:\\Users\\vcamacho\\AppData\\Roaming\\npm-cache\\flagr\\1.0.0\\package.tgz',
12 verbose tar pack   'C:\\workspaces2\\flagr' ]
13 verbose tarball C:\Users\vcamacho\AppData\Roaming\npm-cache\flagr\1.0.0\package.tgz
14 verbose folder C:\workspaces2\flagr
15 verbose addLocalTarball adding from inside cache C:\Users\vcamacho\AppData\Roaming\npm-cache\flagr\1.0.0\package.tgz
16 verbose correctMkdir C:\Users\vcamacho\AppData\Roaming\npm-cache correctMkdir not in flight; initializing
17 silly cache afterAdd flagr@1.0.0
18 verbose afterAdd C:\Users\vcamacho\AppData\Roaming\npm-cache\flagr\1.0.0\package\package.json not in flight; writing
19 verbose correctMkdir C:\Users\vcamacho\AppData\Roaming\npm-cache correctMkdir not in flight; initializing
20 verbose afterAdd C:\Users\vcamacho\AppData\Roaming\npm-cache\flagr\1.0.0\package\package.json written
21 silly publish { name: 'flagr',
21 silly publish   version: '1.0.0',
21 silly publish   main: 'index.js',
21 silly publish   author: { name: 'Vitor Camacho', email: 'vitor.camachoo@gmail.com' },
21 silly publish   engines: { node: '>=6.0.0' },
21 silly publish   keywords:
21 silly publish    [ 'find',
21 silly publish      'flag',
21 silly publish      'flags',
21 silly publish      'arg',
21 silly publish      'argv',
21 silly publish      'args',
21 silly publish      'arguments',
21 silly publish      'cli',
21 silly publish      'contains',
21 silly publish      'include',
21 silly publish      'check',
21 silly publish      'get',
21 silly publish      'exist',
21 silly publish      'find',
21 silly publish      'process' ],
21 silly publish   license: 'UNLICENSED',
21 silly publish   repository:
21 silly publish    { type: 'git',
21 silly publish      url: 'git+https://github.com/vitorcamachoo/flagr.git' },
21 silly publish   scripts: { test: 'ava', 'test:watch': 'npm test -- --watch' },
21 silly publish   devDependencies: { ava: '0.17.0' },
21 silly publish   readme: '## Install\r\n\r\n```\r\n$ npm install --save flagr\r\n```\r\n\r\n\r\n## Usage\r\n\r\n### Check if a given flag exists\r\n```\r\n$ node foo.js --prod --watch --env="production"\r\n```\r\n```js\r\n// foo.js\r\nconst { exist } = require(\'flagr\');\r\n\r\nexist(\'--prod\');\r\n//=> true\r\n\r\nexist(\'prod\');\r\n//=> true\r\n\r\nexist(\'--watch\');\r\n//=> true\r\n\r\nexist(\'--env\');\r\n//=> true\r\n\r\nexist(\'--test\');\r\n//=> false\r\n\r\n```\r\n\r\n### Retrieve flag value\r\n```\r\n$ node foo.js --prod --watch="true" --env="production"\r\n```\r\n```js\r\n// foo.js\r\nconst { get } = require(\'flagr\');\r\n\r\nget(\'--prod\');\r\n//=> \'\'\r\n\r\nget(\'--watch\');\r\n//=> true\r\n\r\nget(\'--env\');\r\n//=> production\r\n\r\nget(\'env\');\r\n//=> production\r\n\r\n```\r\n\r\n## API\r\n\r\n### exist(flag, [argv])\r\n\r\nReturns a boolean whether the flag exists.\r\n\r\n#### flag\r\n\r\nType: `string`\r\n\r\nCLI flag to look for. The `--` prefix is optional.\r\n\r\n#### argv\r\n\r\nType: `array`<br>\r\nDefault: `process.argv`\r\n\r\n### get(flag, [argv])\r\n\r\nReturns the value from flag.\r\n\r\n#### flag\r\n\r\nType: `string`\r\n\r\nCLI flag to look for. The `--` prefix is optional.\r\n\r\n#### argv\r\n\r\nType: `array`<br>\r\nDefault: `process.argv`\r\n',
21 silly publish   readmeFilename: 'README.md',
21 silly publish   gitHead: '0b99928141bdd427fa2753c48551c0ead240e3b4',
21 silly publish   description: '```\r $ npm install --save flagr\r ```',
21 silly publish   bugs: { url: 'https://github.com/vitorcamachoo/flagr/issues' },
21 silly publish   homepage: 'https://github.com/vitorcamachoo/flagr#readme',
21 silly publish   _id: 'flagr@1.0.0',
21 silly publish   _shasum: '5e7bb235b1d49b8c4be7cded4a48afb10247e6e2',
21 silly publish   _from: '.' }
22 verbose getPublishConfig undefined
23 silly mapToRegistry name flagr
24 silly mapToRegistry using default registry
25 silly mapToRegistry registry https://registry.npmjs.org/
26 silly mapToRegistry data Result {
26 silly mapToRegistry   raw: 'flagr',
26 silly mapToRegistry   scope: null,
26 silly mapToRegistry   escapedName: 'flagr',
26 silly mapToRegistry   name: 'flagr',
26 silly mapToRegistry   rawSpec: '',
26 silly mapToRegistry   spec: 'latest',
26 silly mapToRegistry   type: 'tag' }
27 silly mapToRegistry uri https://registry.npmjs.org/flagr
28 verbose publish registryBase https://registry.npmjs.org/
29 silly publish uploading C:\Users\vcamacho\AppData\Roaming\npm-cache\flagr\1.0.0\package.tgz
30 verbose request uri https://registry.npmjs.org/flagr
31 verbose request sending authorization for write operation
32 info attempt registry request try #1 at 21:17:17
33 verbose request using bearer token for auth
34 verbose request id 3bd15ecf77756001
35 http request PUT https://registry.npmjs.org/flagr
36 http 403 https://registry.npmjs.org/flagr
37 verbose headers { 'content-type': 'application/json',
37 verbose headers   'cache-control': 'max-age=300',
37 verbose headers   'content-length': '95',
37 verbose headers   'accept-ranges': 'bytes',
37 verbose headers   date: 'Sun, 11 Dec 2016 21:17:21 GMT',
37 verbose headers   via: '1.1 varnish',
37 verbose headers   connection: 'keep-alive',
37 verbose headers   'x-served-by': 'cache-lhr6320-LHR',
37 verbose headers   'x-cache': 'MISS',
37 verbose headers   'x-cache-hits': '0',
37 verbose headers   'x-timer': 'S1481491040.613770,VS0,VE979',
37 verbose headers   vary: 'Accept-Encoding' }
38 verbose request invalidating C:\Users\vcamacho\AppData\Roaming\npm-cache\registry.npmjs.org\flagr on PUT
39 error publish Failed PUT 403
40 verbose stack Error: "You cannot publish over the previously published version 1.0.0." : flagr
40 verbose stack     at makeError (C:\Users\vcamacho\AppData\Roaming\nvm\v6.8.0\node_modules\npm\node_modules\npm-registry-client\lib\request.js:302:12)
40 verbose stack     at CachingRegistryClient.<anonymous> (C:\Users\vcamacho\AppData\Roaming\nvm\v6.8.0\node_modules\npm\node_modules\npm-registry-client\lib\request.js:290:14)
40 verbose stack     at Request._callback (C:\Users\vcamacho\AppData\Roaming\nvm\v6.8.0\node_modules\npm\node_modules\npm-registry-client\lib\request.js:210:14)
40 verbose stack     at Request.self.callback (C:\Users\vcamacho\AppData\Roaming\nvm\v6.8.0\node_modules\npm\node_modules\request\request.js:187:22)
40 verbose stack     at emitTwo (events.js:106:13)
40 verbose stack     at Request.emit (events.js:191:7)
40 verbose stack     at Request.<anonymous> (C:\Users\vcamacho\AppData\Roaming\nvm\v6.8.0\node_modules\npm\node_modules\request\request.js:1044:10)
40 verbose stack     at emitOne (events.js:96:13)
40 verbose stack     at Request.emit (events.js:188:7)
40 verbose stack     at IncomingMessage.<anonymous> (C:\Users\vcamacho\AppData\Roaming\nvm\v6.8.0\node_modules\npm\node_modules\request\request.js:965:12)
41 verbose statusCode 403
42 verbose pkgid flagr
43 verbose cwd C:\workspaces2\flagr
44 error Windows_NT 6.1.7601
45 error argv "C:\\Program Files\\nodejs\\node.exe" "C:\\Program Files\\nodejs\\node_modules\\npm\\bin\\npm-cli.js" "publish"
46 error node v6.8.0
47 error npm  v3.10.8
48 error code E403
49 error "You cannot publish over the previously published version 1.0.0." : flagr
50 error If you need help, you may report this error at:
50 error     <https://github.com/npm/npm/issues>
51 verbose exit [ 1, true ]
